c:\users\aliyu\source\repos\rouglike22\rouglike22\debug\rouglike22.pch
c:\users\aliyu\source\repos\rouglike22\rouglike22\debug\vc141.pdb
c:\users\aliyu\source\repos\rouglike22\rouglike22\debug\vc141.idb
c:\users\aliyu\source\repos\rouglike22\rouglike22\debug\pch.obj
c:\users\aliyu\source\repos\rouglike22\rouglike22\debug\zombie.obj
c:\users\aliyu\source\repos\rouglike22\rouglike22\debug\wall.obj
c:\users\aliyu\source\repos\rouglike22\rouglike22\debug\rouglike22.obj
c:\users\aliyu\source\repos\rouglike22\rouglike22\debug\projectile.obj
c:\users\aliyu\source\repos\rouglike22\rouglike22\debug\princess.obj
c:\users\aliyu\source\repos\rouglike22\rouglike22\debug\potion.obj
c:\users\aliyu\source\repos\rouglike22\rouglike22\debug\mapobject.obj
c:\users\aliyu\source\repos\rouglike22\rouglike22\debug\map.obj
c:\users\aliyu\source\repos\rouglike22\rouglike22\debug\log.obj
c:\users\aliyu\source\repos\rouglike22\rouglike22\debug\knight.obj
c:\users\aliyu\source\repos\rouglike22\rouglike22\debug\gameprocess.obj
c:\users\aliyu\source\repos\rouglike22\rouglike22\debug\dragon.obj
c:\users\aliyu\source\repos\rouglike22\rouglike22\debug\config.obj
c:\users\aliyu\source\repos\rouglike22\rouglike22\debug\character.obj
c:\users\aliyu\source\repos\rouglike22\debug\rouglike22.exe
c:\users\aliyu\source\repos\rouglike22\debug\rouglike22.ilk
c:\users\aliyu\source\repos\rouglike22\debug\rouglike22.pdb
c:\users\aliyu\source\repos\rouglike22\rouglike22\debug\rouglike22.res
c:\users\aliyu\source\repos\rouglike22\rouglike22\debug\rouglike22.tlog\cl.command.1.tlog
c:\users\aliyu\source\repos\rouglike22\rouglike22\debug\rouglike22.tlog\cl.read.1.tlog
c:\users\aliyu\source\repos\rouglike22\rouglike22\debug\rouglike22.tlog\cl.write.1.tlog
c:\users\aliyu\source\repos\rouglike22\rouglike22\debug\rouglike22.tlog\link.command.1.tlog
c:\users\aliyu\source\repos\rouglike22\rouglike22\debug\rouglike22.tlog\link.read.1.tlog
c:\users\aliyu\source\repos\rouglike22\rouglike22\debug\rouglike22.tlog\link.write.1.tlog
c:\users\aliyu\source\repos\rouglike22\rouglike22\debug\rouglike22.tlog\rc.command.1.tlog
c:\users\aliyu\source\repos\rouglike22\rouglike22\debug\rouglike22.tlog\rc.read.1.tlog
c:\users\aliyu\source\repos\rouglike22\rouglike22\debug\rouglike22.tlog\rc.write.1.tlog
